[23:31:08.683] Global cache location '/Users/dez/Library/Caches/typescript/4.7', safe file path '/nix/store/d5bm7aqir36fjx0rw4nxv6nbhqwg0qj1-typescript-4.7.4/lib/node_modules/typescript/lib/typingsafelist.json', types map path /nix/store/d5bm7aqir36fjx0rw4nxv6nbhqwg0qj1-typescript-4.7.4/lib/node_modules/typescript/lib/typesmap.json
[23:31:08.684] Processing cache location '/Users/dez/Library/Caches/typescript/4.7'
[23:31:08.684] Trying to find '/Users/dez/Library/Caches/typescript/4.7/package.json'...
[23:31:08.685] Loaded content of '/Users/dez/Library/Caches/typescript/4.7/package.json': {"private":true,"dependencies":{"types-registry":"^0.1.608"},"devDependencies":{"@types/babel__core":"^7.1.19","@types/babel__preset-env":"^7.9.2","@types/core-js":"^2.5.5","@types/estree":"0.0.52","@types/html-webpack-plugin":"^3.2.6","@types/json-schema":"^7.0.11","@types/less":"^3.0.3","@types/live-server":"^1.2.1","@types/node":"^18.0.0","@types/postcss-preset-env":"^7.7.0","@types/react":"^18.0.18"}}
[23:31:08.685] Loaded content of '/Users/dez/Library/Caches/typescript/4.7/package-lock.json'
[23:31:08.689] Adding entry into typings cache: 'babel__core' => '/Users/dez/Library/Caches/typescript/4.7/node_modules/@types/babel__core/index.d.ts'
[23:31:08.690] Adding entry into typings cache: 'babel__preset-env' => '/Users/dez/Library/Caches/typescript/4.7/node_modules/@types/babel__preset-env/index.d.ts'
[23:31:08.691] Adding entry into typings cache: 'core-js' => '/Users/dez/Library/Caches/typescript/4.7/node_modules/@types/core-js/index.d.ts'
[23:31:08.692] Adding entry into typings cache: 'estree' => '/Users/dez/Library/Caches/typescript/4.7/node_modules/@types/estree/index.d.ts'
[23:31:08.693] Adding entry into typings cache: 'html-webpack-plugin' => '/Users/dez/Library/Caches/typescript/4.7/node_modules/@types/html-webpack-plugin/index.d.ts'
[23:31:08.695] Adding entry into typings cache: 'json-schema' => '/Users/dez/Library/Caches/typescript/4.7/node_modules/@types/json-schema/index.d.ts'
[23:31:08.696] Adding entry into typings cache: 'less' => '/Users/dez/Library/Caches/typescript/4.7/node_modules/@types/less/index.d.ts'
[23:31:08.697] Adding entry into typings cache: 'live-server' => '/Users/dez/Library/Caches/typescript/4.7/node_modules/@types/live-server/index.d.ts'
[23:31:08.699] Adding entry into typings cache: 'node' => '/Users/dez/Library/Caches/typescript/4.7/node_modules/@types/node/index.d.ts'
[23:31:08.700] Adding entry into typings cache: 'postcss-preset-env' => '/Users/dez/Library/Caches/typescript/4.7/node_modules/@types/postcss-preset-env/index.d.ts'
[23:31:08.702] Adding entry into typings cache: 'react' => '/Users/dez/Library/Caches/typescript/4.7/node_modules/@types/react/index.d.ts'
[23:31:08.702] Finished processing cache location '/Users/dez/Library/Caches/typescript/4.7'
[23:31:08.703] Process id: 15454
[23:31:08.703] NPM location: /nix/store/252srvvjhm3l2zsywylza55vl052fcyr-nodejs-14.20.0/bin/npm (explicit '--npmLocation' not  provided)
[23:31:08.703] validateDefaultNpmLocation: false
[23:31:08.703] Npm config file: /Users/dez/Library/Caches/typescript/4.7/package.json
[23:31:08.703] Updating types-registry npm package...
[23:31:08.703] Exec: /nix/store/252srvvjhm3l2zsywylza55vl052fcyr-nodejs-14.20.0/bin/npm install --ignore-scripts types-registry@latest
[23:31:09.276]     Succeeded. stdout:
    + types-registry@0.1.608
    updated 1 package and audited 50 packages in 0.317s

7 packages are looking for funding
  run `npm fund` for details

found 0 vulnerabilities


[23:31:09.276] Updated types-registry npm package
[23:31:09.290] Got install request {"projectName":"/dev/null/inferredProject1*","fileNames":["/nix/store/d5bm7aqir36fjx0rw4nxv6nbhqwg0qj1-typescript-4.7.4/lib/node_modules/typescript/lib/lib.es5.d.ts","/nix/store/d5bm7aqir36fjx0rw4nxv6nbhqwg0qj1-typescript-4.7.4/lib/node_modules/typescript/lib/lib.es2015.d.ts","/nix/store/d5bm7aqir36fjx0rw4nxv6nbhqwg0qj1-typescript-4.7.4/lib/node_modules/typescript/lib/lib.es2016.d.ts","/nix/store/d5bm7aqir36fjx0rw4nxv6nbhqwg0qj1-typescript-4.7.4/lib/node_modules/typescript/lib/lib.dom.d.ts","/nix/store/d5bm7aqir36fjx0rw4nxv6nbhqwg0qj1-typescript-4.7.4/lib/node_modules/typescript/lib/lib.dom.iterable.d.ts","/nix/store/d5bm7aqir36fjx0rw4nxv6nbhqwg0qj1-typescript-4.7.4/lib/node_modules/typescript/lib/lib.webworker.importscripts.d.ts","/nix/store/d5bm7aqir36fjx0rw4nxv6nbhqwg0qj1-typescript-4.7.4/lib/node_modules/typescript/lib/lib.scripthost.d.ts","/nix/store/d5bm7aqir36fjx0rw4nxv6nbhqwg0qj1-typescript-4.7.4/lib/node_modules/typescript/lib/lib.es2015.core.d.ts","/nix/store/d5bm7aqir36fjx0rw4nxv6nbhqwg0qj1-typescript-4.7.4/lib/node_modules/typescript/lib/lib.es2015.collection.d.ts","/nix/store/d5bm7aqir36fjx0rw4nxv6nbhqwg0qj1-typescript-4.7.4/lib/node_modules/typescript/lib/lib.es2015.generator.d.ts","/nix/store/d5bm7aqir36fjx0rw4nxv6nbhqwg0qj1-typescript-4.7.4/lib/node_modules/typescript/lib/lib.es2015.iterable.d.ts","/nix/store/d5bm7aqir36fjx0rw4nxv6nbhqwg0qj1-typescript-4.7.4/lib/node_modules/typescript/lib/lib.es2015.promise.d.ts","/nix/store/d5bm7aqir36fjx0rw4nxv6nbhqwg0qj1-typescript-4.7.4/lib/node_modules/typescript/lib/lib.es2015.proxy.d.ts","/nix/store/d5bm7aqir36fjx0rw4nxv6nbhqwg0qj1-typescript-4.7.4/lib/node_modules/typescript/lib/lib.es2015.reflect.d.ts","/nix/store/d5bm7aqir36fjx0rw4nxv6nbhqwg0qj1-typescript-4.7.4/lib/node_modules/typescript/lib/lib.es2015.symbol.d.ts","/nix/store/d5bm7aqir36fjx0rw4nxv6nbhqwg0qj1-typescript-4.7.4/lib/node_modules/typescript/lib/lib.es2015.symbol.wellknown.d.ts","/nix/store/d5bm7aqir36fjx0rw4nxv6nbhqwg0qj1-typescript-4.7.4/lib/node_modules/typescript/lib/lib.es2016.array.include.d.ts","/nix/store/d5bm7aqir36fjx0rw4nxv6nbhqwg0qj1-typescript-4.7.4/lib/node_modules/typescript/lib/lib.es2016.full.d.ts","/Users/dez/.dotfiles/Ubersicht/ubersicht-todo-widget/index.jsx"],"compilerOptions":{"module":1,"target":3,"jsx":1,"allowJs":true,"allowSyntheticDefaultImports":true,"allowNonTsExtensions":true,"noEmitForJsFiles":true,"maxNodeModuleJsDepth":2},"typeAcquisition":{"enable":true,"include":[],"exclude":[]},"unresolvedImports":["uebersicht"],"projectRootPath":"/Users/dez/.dotfiles/Ubersicht/ubersicht-todo-widget","kind":"discover"}
[23:31:09.297] Loaded safelist from types map file '/nix/store/d5bm7aqir36fjx0rw4nxv6nbhqwg0qj1-typescript-4.7.4/lib/node_modules/typescript/lib/typesmap.json'
[23:31:09.298] Explicitly included types: []
[23:31:09.298] Typing names in '/Users/dez/.dotfiles/Ubersicht/ubersicht-todo-widget/package.json' dependencies: ["typescript"]
[23:31:09.298] Searching for typing names in /Users/dez/.dotfiles/Ubersicht/ubersicht-todo-widget/node_modules; all files: ["/Users/dez/.dotfiles/Ubersicht/ubersicht-todo-widget/node_modules/typescript/package.json"]
[23:31:09.300]     Package 'typescript' provides its own types.
[23:31:09.300]     Found package names: []
[23:31:09.300] Inferred 'react' typings due to presence of '.jsx' extension
[23:31:09.300] Inferred typings from unresolved imports: ["uebersicht"]
[23:31:09.300] Result: {"cachedTypingPaths":["/Users/dez/.dotfiles/Ubersicht/ubersicht-todo-widget/node_modules/typescript/lib/typescript.d.ts","/Users/dez/Library/Caches/typescript/4.7/node_modules/@types/react/index.d.ts"],"newTypingNames":["uebersicht"],"filesToWatch":["/Users/dez/.dotfiles/Ubersicht/ubersicht-todo-widget/bower_components","/Users/dez/.dotfiles/Ubersicht/ubersicht-todo-widget/package.json","/Users/dez/.dotfiles/Ubersicht/ubersicht-todo-widget/node_modules"]}
[23:31:09.300] Finished typings discovery: {"cachedTypingPaths":["/Users/dez/.dotfiles/Ubersicht/ubersicht-todo-widget/node_modules/typescript/lib/typescript.d.ts","/Users/dez/Library/Caches/typescript/4.7/node_modules/@types/react/index.d.ts"],"newTypingNames":["uebersicht"],"filesToWatch":["/Users/dez/.dotfiles/Ubersicht/ubersicht-todo-widget/bower_components","/Users/dez/.dotfiles/Ubersicht/ubersicht-todo-widget/package.json","/Users/dez/.dotfiles/Ubersicht/ubersicht-todo-widget/node_modules"]}
[23:31:09.300] DirectoryWatcher:: Added:: WatchInfo: /Users/dez/.dotfiles/Ubersicht/ubersicht-todo-widget/bower_components
[23:31:09.300] DirectoryWatcher:: Added:: WatchInfo: /Users/dez/.dotfiles/Ubersicht/ubersicht-todo-widget/bower_components 1 undefined Project: /dev/null/inferredProject1* watcher already invoked: false
[23:31:09.301] Elapsed:: 0.4009169340133667ms DirectoryWatcher:: Added:: WatchInfo: /Users/dez/.dotfiles/Ubersicht/ubersicht-todo-widget/bower_components 1 undefined Project: /dev/null/inferredProject1* watcher already invoked: false
[23:31:09.301] FileWatcher:: Added:: WatchInfo: /Users/dez/.dotfiles/Ubersicht/ubersicht-todo-widget/package.json
[23:31:09.301] FileWatcher:: Added:: WatchInfo: /Users/dez/.dotfiles/Ubersicht/ubersicht-todo-widget/package.json 2000 undefined Project: /dev/null/inferredProject1* watcher already invoked: false
[23:31:09.301] DirectoryWatcher:: Added:: WatchInfo: /Users/dez/.dotfiles/Ubersicht/ubersicht-todo-widget/node_modules
[23:31:09.301] DirectoryWatcher:: Added:: WatchInfo: /Users/dez/.dotfiles/Ubersicht/ubersicht-todo-widget/node_modules 1 undefined Project: /dev/null/inferredProject1* watcher already invoked: false
[23:31:09.302] Elapsed:: 1.2102919816970825ms DirectoryWatcher:: Added:: WatchInfo: /Users/dez/.dotfiles/Ubersicht/ubersicht-todo-widget/node_modules 1 undefined Project: /dev/null/inferredProject1* watcher already invoked: false
[23:31:09.302] Installing typings ["uebersicht"]
[23:31:09.303] 'uebersicht':: Entry for package 'uebersicht' does not exist in local types registry - skipping...
[23:31:09.303] All typings are known to be missing or invalid - no need to install more typings
[23:31:09.303] Sending response:
    {"projectName":"/dev/null/inferredProject1*","typeAcquisition":{"enable":true,"include":[],"exclude":[]},"compilerOptions":{"module":1,"target":3,"jsx":1,"allowJs":true,"allowSyntheticDefaultImports":true,"allowNonTsExtensions":true,"noEmitForJsFiles":true,"maxNodeModuleJsDepth":2},"typings":["/Users/dez/.dotfiles/Ubersicht/ubersicht-todo-widget/node_modules/typescript/lib/typescript.d.ts","/Users/dez/Library/Caches/typescript/4.7/node_modules/@types/react/index.d.ts"],"unresolvedImports":["uebersicht"],"kind":"action::set"}
[23:31:09.303] Response has been sent.
[23:31:09.914] Got install request {"projectName":"/dev/null/inferredProject1*","fileNames":["/nix/store/d5bm7aqir36fjx0rw4nxv6nbhqwg0qj1-typescript-4.7.4/lib/node_modules/typescript/lib/lib.es5.d.ts","/nix/store/d5bm7aqir36fjx0rw4nxv6nbhqwg0qj1-typescript-4.7.4/lib/node_modules/typescript/lib/lib.es2015.d.ts","/nix/store/d5bm7aqir36fjx0rw4nxv6nbhqwg0qj1-typescript-4.7.4/lib/node_modules/typescript/lib/lib.es2016.d.ts","/nix/store/d5bm7aqir36fjx0rw4nxv6nbhqwg0qj1-typescript-4.7.4/lib/node_modules/typescript/lib/lib.dom.d.ts","/nix/store/d5bm7aqir36fjx0rw4nxv6nbhqwg0qj1-typescript-4.7.4/lib/node_modules/typescript/lib/lib.dom.iterable.d.ts","/nix/store/d5bm7aqir36fjx0rw4nxv6nbhqwg0qj1-typescript-4.7.4/lib/node_modules/typescript/lib/lib.webworker.importscripts.d.ts","/nix/store/d5bm7aqir36fjx0rw4nxv6nbhqwg0qj1-typescript-4.7.4/lib/node_modules/typescript/lib/lib.scripthost.d.ts","/nix/store/d5bm7aqir36fjx0rw4nxv6nbhqwg0qj1-typescript-4.7.4/lib/node_modules/typescript/lib/lib.es2015.core.d.ts","/nix/store/d5bm7aqir36fjx0rw4nxv6nbhqwg0qj1-typescript-4.7.4/lib/node_modules/typescript/lib/lib.es2015.collection.d.ts","/nix/store/d5bm7aqir36fjx0rw4nxv6nbhqwg0qj1-typescript-4.7.4/lib/node_modules/typescript/lib/lib.es2015.generator.d.ts","/nix/store/d5bm7aqir36fjx0rw4nxv6nbhqwg0qj1-typescript-4.7.4/lib/node_modules/typescript/lib/lib.es2015.iterable.d.ts","/nix/store/d5bm7aqir36fjx0rw4nxv6nbhqwg0qj1-typescript-4.7.4/lib/node_modules/typescript/lib/lib.es2015.promise.d.ts","/nix/store/d5bm7aqir36fjx0rw4nxv6nbhqwg0qj1-typescript-4.7.4/lib/node_modules/typescript/lib/lib.es2015.proxy.d.ts","/nix/store/d5bm7aqir36fjx0rw4nxv6nbhqwg0qj1-typescript-4.7.4/lib/node_modules/typescript/lib/lib.es2015.reflect.d.ts","/nix/store/d5bm7aqir36fjx0rw4nxv6nbhqwg0qj1-typescript-4.7.4/lib/node_modules/typescript/lib/lib.es2015.symbol.d.ts","/nix/store/d5bm7aqir36fjx0rw4nxv6nbhqwg0qj1-typescript-4.7.4/lib/node_modules/typescript/lib/lib.es2015.symbol.wellknown.d.ts","/nix/store/d5bm7aqir36fjx0rw4nxv6nbhqwg0qj1-typescript-4.7.4/lib/node_modules/typescript/lib/lib.es2016.array.include.d.ts","/nix/store/d5bm7aqir36fjx0rw4nxv6nbhqwg0qj1-typescript-4.7.4/lib/node_modules/typescript/lib/lib.es2016.full.d.ts","/Users/dez/.dotfiles/Ubersicht/ubersicht-todo-widget/index.jsx","/Users/dez/.dotfiles/Ubersicht/ubersicht-todo-widget/node_modules/typescript/lib/typescript.d.ts","/Users/dez/Library/Caches/typescript/4.7/node_modules/@types/react/global.d.ts","/Users/dez/Library/Caches/typescript/4.7/node_modules/@types/react/index.d.ts"],"compilerOptions":{"module":1,"target":3,"jsx":1,"allowJs":true,"allowSyntheticDefaultImports":true,"allowNonTsExtensions":true,"noEmitForJsFiles":true,"maxNodeModuleJsDepth":2},"typeAcquisition":{"enable":true,"include":[],"exclude":[]},"unresolvedImports":["uebersicht"],"projectRootPath":"/Users/dez/.dotfiles/Ubersicht/ubersicht-todo-widget","kind":"discover"}
[23:31:09.914] Explicitly included types: []
[23:31:09.915] Typing names in '/Users/dez/.dotfiles/Ubersicht/ubersicht-todo-widget/package.json' dependencies: ["typescript"]
[23:31:09.915] Searching for typing names in /Users/dez/.dotfiles/Ubersicht/ubersicht-todo-widget/node_modules; all files: ["/Users/dez/.dotfiles/Ubersicht/ubersicht-todo-widget/node_modules/typescript/package.json"]
[23:31:09.917]     Package 'typescript' provides its own types.
[23:31:09.917]     Found package names: []
[23:31:09.917] Inferred 'react' typings due to presence of '.jsx' extension
[23:31:09.917] Inferred typings from unresolved imports: ["uebersicht"]
[23:31:09.917] Result: {"cachedTypingPaths":["/Users/dez/.dotfiles/Ubersicht/ubersicht-todo-widget/node_modules/typescript/lib/typescript.d.ts","/Users/dez/Library/Caches/typescript/4.7/node_modules/@types/react/index.d.ts"],"newTypingNames":["uebersicht"],"filesToWatch":["/Users/dez/.dotfiles/Ubersicht/ubersicht-todo-widget/bower_components","/Users/dez/.dotfiles/Ubersicht/ubersicht-todo-widget/package.json","/Users/dez/.dotfiles/Ubersicht/ubersicht-todo-widget/node_modules"]}
[23:31:09.917] Finished typings discovery: {"cachedTypingPaths":["/Users/dez/.dotfiles/Ubersicht/ubersicht-todo-widget/node_modules/typescript/lib/typescript.d.ts","/Users/dez/Library/Caches/typescript/4.7/node_modules/@types/react/index.d.ts"],"newTypingNames":["uebersicht"],"filesToWatch":["/Users/dez/.dotfiles/Ubersicht/ubersicht-todo-widget/bower_components","/Users/dez/.dotfiles/Ubersicht/ubersicht-todo-widget/package.json","/Users/dez/.dotfiles/Ubersicht/ubersicht-todo-widget/node_modules"]}
[23:31:09.917] Installing typings ["uebersicht"]
[23:31:09.917] 'uebersicht':: Entry for package 'uebersicht' does not exist in local types registry - skipping...
[23:31:09.917] All typings are known to be missing or invalid - no need to install more typings
[23:31:09.918] Sending response:
    {"projectName":"/dev/null/inferredProject1*","typeAcquisition":{"enable":true,"include":[],"exclude":[]},"compilerOptions":{"module":1,"target":3,"jsx":1,"allowJs":true,"allowSyntheticDefaultImports":true,"allowNonTsExtensions":true,"noEmitForJsFiles":true,"maxNodeModuleJsDepth":2},"typings":["/Users/dez/.dotfiles/Ubersicht/ubersicht-todo-widget/node_modules/typescript/lib/typescript.d.ts","/Users/dez/Library/Caches/typescript/4.7/node_modules/@types/react/index.d.ts"],"unresolvedImports":["uebersicht"],"kind":"action::set"}
[23:31:09.918] Response has been sent.
