[23:30:26.495] Global cache location '/Users/dez/Library/Caches/typescript/4.7', safe file path '/nix/store/d5bm7aqir36fjx0rw4nxv6nbhqwg0qj1-typescript-4.7.4/lib/node_modules/typescript/lib/typingsafelist.json', types map path /nix/store/d5bm7aqir36fjx0rw4nxv6nbhqwg0qj1-typescript-4.7.4/lib/node_modules/typescript/lib/typesmap.json
[23:30:26.496] Processing cache location '/Users/dez/Library/Caches/typescript/4.7'
[23:30:26.496] Trying to find '/Users/dez/Library/Caches/typescript/4.7/package.json'...
[23:30:26.496] Loaded content of '/Users/dez/Library/Caches/typescript/4.7/package.json': {"private":true,"dependencies":{"types-registry":"^0.1.608"},"devDependencies":{"@types/babel__core":"^7.1.19","@types/babel__preset-env":"^7.9.2","@types/core-js":"^2.5.5","@types/estree":"0.0.52","@types/html-webpack-plugin":"^3.2.6","@types/json-schema":"^7.0.11","@types/less":"^3.0.3","@types/live-server":"^1.2.1","@types/node":"^18.0.0","@types/postcss-preset-env":"^7.7.0","@types/react":"^18.0.18"}}
[23:30:26.496] Loaded content of '/Users/dez/Library/Caches/typescript/4.7/package-lock.json'
[23:30:26.501] Adding entry into typings cache: 'babel__core' => '/Users/dez/Library/Caches/typescript/4.7/node_modules/@types/babel__core/index.d.ts'
[23:30:26.502] Adding entry into typings cache: 'babel__preset-env' => '/Users/dez/Library/Caches/typescript/4.7/node_modules/@types/babel__preset-env/index.d.ts'
[23:30:26.503] Adding entry into typings cache: 'core-js' => '/Users/dez/Library/Caches/typescript/4.7/node_modules/@types/core-js/index.d.ts'
[23:30:26.504] Adding entry into typings cache: 'estree' => '/Users/dez/Library/Caches/typescript/4.7/node_modules/@types/estree/index.d.ts'
[23:30:26.505] Adding entry into typings cache: 'html-webpack-plugin' => '/Users/dez/Library/Caches/typescript/4.7/node_modules/@types/html-webpack-plugin/index.d.ts'
[23:30:26.507] Adding entry into typings cache: 'json-schema' => '/Users/dez/Library/Caches/typescript/4.7/node_modules/@types/json-schema/index.d.ts'
[23:30:26.508] Adding entry into typings cache: 'less' => '/Users/dez/Library/Caches/typescript/4.7/node_modules/@types/less/index.d.ts'
[23:30:26.509] Adding entry into typings cache: 'live-server' => '/Users/dez/Library/Caches/typescript/4.7/node_modules/@types/live-server/index.d.ts'
[23:30:26.512] Adding entry into typings cache: 'node' => '/Users/dez/Library/Caches/typescript/4.7/node_modules/@types/node/index.d.ts'
[23:30:26.513] Adding entry into typings cache: 'postcss-preset-env' => '/Users/dez/Library/Caches/typescript/4.7/node_modules/@types/postcss-preset-env/index.d.ts'
[23:30:26.516] Adding entry into typings cache: 'react' => '/Users/dez/Library/Caches/typescript/4.7/node_modules/@types/react/index.d.ts'
[23:30:26.516] Finished processing cache location '/Users/dez/Library/Caches/typescript/4.7'
[23:30:26.516] Process id: 15172
[23:30:26.516] NPM location: /nix/store/252srvvjhm3l2zsywylza55vl052fcyr-nodejs-14.20.0/bin/npm (explicit '--npmLocation' not  provided)
[23:30:26.516] validateDefaultNpmLocation: false
[23:30:26.516] Npm config file: /Users/dez/Library/Caches/typescript/4.7/package.json
[23:30:26.516] Updating types-registry npm package...
[23:30:26.516] Exec: /nix/store/252srvvjhm3l2zsywylza55vl052fcyr-nodejs-14.20.0/bin/npm install --ignore-scripts types-registry@latest
[23:30:27.143]     Succeeded. stdout:
    + types-registry@0.1.608
    updated 1 package and audited 50 packages in 0.303s

7 packages are looking for funding
  run `npm fund` for details

found 0 vulnerabilities


[23:30:27.143] Updated types-registry npm package
[23:30:27.158] Got install request {"projectName":"/dev/null/inferredProject1*","fileNames":["/nix/store/d5bm7aqir36fjx0rw4nxv6nbhqwg0qj1-typescript-4.7.4/lib/node_modules/typescript/lib/lib.es5.d.ts","/nix/store/d5bm7aqir36fjx0rw4nxv6nbhqwg0qj1-typescript-4.7.4/lib/node_modules/typescript/lib/lib.es2015.d.ts","/nix/store/d5bm7aqir36fjx0rw4nxv6nbhqwg0qj1-typescript-4.7.4/lib/node_modules/typescript/lib/lib.es2016.d.ts","/nix/store/d5bm7aqir36fjx0rw4nxv6nbhqwg0qj1-typescript-4.7.4/lib/node_modules/typescript/lib/lib.dom.d.ts","/nix/store/d5bm7aqir36fjx0rw4nxv6nbhqwg0qj1-typescript-4.7.4/lib/node_modules/typescript/lib/lib.dom.iterable.d.ts","/nix/store/d5bm7aqir36fjx0rw4nxv6nbhqwg0qj1-typescript-4.7.4/lib/node_modules/typescript/lib/lib.webworker.importscripts.d.ts","/nix/store/d5bm7aqir36fjx0rw4nxv6nbhqwg0qj1-typescript-4.7.4/lib/node_modules/typescript/lib/lib.scripthost.d.ts","/nix/store/d5bm7aqir36fjx0rw4nxv6nbhqwg0qj1-typescript-4.7.4/lib/node_modules/typescript/lib/lib.es2015.core.d.ts","/nix/store/d5bm7aqir36fjx0rw4nxv6nbhqwg0qj1-typescript-4.7.4/lib/node_modules/typescript/lib/lib.es2015.collection.d.ts","/nix/store/d5bm7aqir36fjx0rw4nxv6nbhqwg0qj1-typescript-4.7.4/lib/node_modules/typescript/lib/lib.es2015.generator.d.ts","/nix/store/d5bm7aqir36fjx0rw4nxv6nbhqwg0qj1-typescript-4.7.4/lib/node_modules/typescript/lib/lib.es2015.iterable.d.ts","/nix/store/d5bm7aqir36fjx0rw4nxv6nbhqwg0qj1-typescript-4.7.4/lib/node_modules/typescript/lib/lib.es2015.promise.d.ts","/nix/store/d5bm7aqir36fjx0rw4nxv6nbhqwg0qj1-typescript-4.7.4/lib/node_modules/typescript/lib/lib.es2015.proxy.d.ts","/nix/store/d5bm7aqir36fjx0rw4nxv6nbhqwg0qj1-typescript-4.7.4/lib/node_modules/typescript/lib/lib.es2015.reflect.d.ts","/nix/store/d5bm7aqir36fjx0rw4nxv6nbhqwg0qj1-typescript-4.7.4/lib/node_modules/typescript/lib/lib.es2015.symbol.d.ts","/nix/store/d5bm7aqir36fjx0rw4nxv6nbhqwg0qj1-typescript-4.7.4/lib/node_modules/typescript/lib/lib.es2015.symbol.wellknown.d.ts","/nix/store/d5bm7aqir36fjx0rw4nxv6nbhqwg0qj1-typescript-4.7.4/lib/node_modules/typescript/lib/lib.es2016.array.include.d.ts","/nix/store/d5bm7aqir36fjx0rw4nxv6nbhqwg0qj1-typescript-4.7.4/lib/node_modules/typescript/lib/lib.es2016.full.d.ts","/Users/dez/.dotfiles/Ubersicht/ubersicht-todo-widget/index.jsx"],"compilerOptions":{"module":1,"target":3,"jsx":1,"allowJs":true,"allowSyntheticDefaultImports":true,"allowNonTsExtensions":true,"noEmitForJsFiles":true,"maxNodeModuleJsDepth":2},"typeAcquisition":{"enable":true,"include":[],"exclude":[]},"unresolvedImports":["uebersicht"],"projectRootPath":"/Users/dez/.dotfiles/Ubersicht/ubersicht-todo-widget","kind":"discover"}
[23:30:27.167] Loaded safelist from types map file '/nix/store/d5bm7aqir36fjx0rw4nxv6nbhqwg0qj1-typescript-4.7.4/lib/node_modules/typescript/lib/typesmap.json'
[23:30:27.168] Explicitly included types: []
[23:30:27.168] Typing names in '/Users/dez/.dotfiles/Ubersicht/ubersicht-todo-widget/package.json' dependencies: ["typescript"]
[23:30:27.168] Searching for typing names in /Users/dez/.dotfiles/Ubersicht/ubersicht-todo-widget/node_modules; all files: ["/Users/dez/.dotfiles/Ubersicht/ubersicht-todo-widget/node_modules/typescript/package.json"]
[23:30:27.169]     Package 'typescript' provides its own types.
[23:30:27.169]     Found package names: []
[23:30:27.169] Inferred 'react' typings due to presence of '.jsx' extension
[23:30:27.169] Inferred typings from unresolved imports: ["uebersicht"]
[23:30:27.170] Result: {"cachedTypingPaths":["/Users/dez/.dotfiles/Ubersicht/ubersicht-todo-widget/node_modules/typescript/lib/typescript.d.ts","/Users/dez/Library/Caches/typescript/4.7/node_modules/@types/react/index.d.ts"],"newTypingNames":["uebersicht"],"filesToWatch":["/Users/dez/.dotfiles/Ubersicht/ubersicht-todo-widget/bower_components","/Users/dez/.dotfiles/Ubersicht/ubersicht-todo-widget/package.json","/Users/dez/.dotfiles/Ubersicht/ubersicht-todo-widget/node_modules"]}
[23:30:27.170] Finished typings discovery: {"cachedTypingPaths":["/Users/dez/.dotfiles/Ubersicht/ubersicht-todo-widget/node_modules/typescript/lib/typescript.d.ts","/Users/dez/Library/Caches/typescript/4.7/node_modules/@types/react/index.d.ts"],"newTypingNames":["uebersicht"],"filesToWatch":["/Users/dez/.dotfiles/Ubersicht/ubersicht-todo-widget/bower_components","/Users/dez/.dotfiles/Ubersicht/ubersicht-todo-widget/package.json","/Users/dez/.dotfiles/Ubersicht/ubersicht-todo-widget/node_modules"]}
[23:30:27.170] DirectoryWatcher:: Added:: WatchInfo: /Users/dez/.dotfiles/Ubersicht/ubersicht-todo-widget/bower_components
[23:30:27.170] DirectoryWatcher:: Added:: WatchInfo: /Users/dez/.dotfiles/Ubersicht/ubersicht-todo-widget/bower_components 1 undefined Project: /dev/null/inferredProject1* watcher already invoked: false
[23:30:27.170] Elapsed:: 0.4650000333786011ms DirectoryWatcher:: Added:: WatchInfo: /Users/dez/.dotfiles/Ubersicht/ubersicht-todo-widget/bower_components 1 undefined Project: /dev/null/inferredProject1* watcher already invoked: false
[23:30:27.171] FileWatcher:: Added:: WatchInfo: /Users/dez/.dotfiles/Ubersicht/ubersicht-todo-widget/package.json
[23:30:27.171] FileWatcher:: Added:: WatchInfo: /Users/dez/.dotfiles/Ubersicht/ubersicht-todo-widget/package.json 2000 undefined Project: /dev/null/inferredProject1* watcher already invoked: false
[23:30:27.171] DirectoryWatcher:: Added:: WatchInfo: /Users/dez/.dotfiles/Ubersicht/ubersicht-todo-widget/node_modules
[23:30:27.171] DirectoryWatcher:: Added:: WatchInfo: /Users/dez/.dotfiles/Ubersicht/ubersicht-todo-widget/node_modules 1 undefined Project: /dev/null/inferredProject1* watcher already invoked: false
[23:30:27.172] Elapsed:: 1.3836669921875ms DirectoryWatcher:: Added:: WatchInfo: /Users/dez/.dotfiles/Ubersicht/ubersicht-todo-widget/node_modules 1 undefined Project: /dev/null/inferredProject1* watcher already invoked: false
[23:30:27.172] Installing typings ["uebersicht"]
[23:30:27.173] 'uebersicht':: Entry for package 'uebersicht' does not exist in local types registry - skipping...
[23:30:27.173] All typings are known to be missing or invalid - no need to install more typings
[23:30:27.173] Sending response:
    {"projectName":"/dev/null/inferredProject1*","typeAcquisition":{"enable":true,"include":[],"exclude":[]},"compilerOptions":{"module":1,"target":3,"jsx":1,"allowJs":true,"allowSyntheticDefaultImports":true,"allowNonTsExtensions":true,"noEmitForJsFiles":true,"maxNodeModuleJsDepth":2},"typings":["/Users/dez/.dotfiles/Ubersicht/ubersicht-todo-widget/node_modules/typescript/lib/typescript.d.ts","/Users/dez/Library/Caches/typescript/4.7/node_modules/@types/react/index.d.ts"],"unresolvedImports":["uebersicht"],"kind":"action::set"}
[23:30:27.173] Response has been sent.
[23:30:27.796] Got install request {"projectName":"/dev/null/inferredProject1*","fileNames":["/nix/store/d5bm7aqir36fjx0rw4nxv6nbhqwg0qj1-typescript-4.7.4/lib/node_modules/typescript/lib/lib.es5.d.ts","/nix/store/d5bm7aqir36fjx0rw4nxv6nbhqwg0qj1-typescript-4.7.4/lib/node_modules/typescript/lib/lib.es2015.d.ts","/nix/store/d5bm7aqir36fjx0rw4nxv6nbhqwg0qj1-typescript-4.7.4/lib/node_modules/typescript/lib/lib.es2016.d.ts","/nix/store/d5bm7aqir36fjx0rw4nxv6nbhqwg0qj1-typescript-4.7.4/lib/node_modules/typescript/lib/lib.dom.d.ts","/nix/store/d5bm7aqir36fjx0rw4nxv6nbhqwg0qj1-typescript-4.7.4/lib/node_modules/typescript/lib/lib.dom.iterable.d.ts","/nix/store/d5bm7aqir36fjx0rw4nxv6nbhqwg0qj1-typescript-4.7.4/lib/node_modules/typescript/lib/lib.webworker.importscripts.d.ts","/nix/store/d5bm7aqir36fjx0rw4nxv6nbhqwg0qj1-typescript-4.7.4/lib/node_modules/typescript/lib/lib.scripthost.d.ts","/nix/store/d5bm7aqir36fjx0rw4nxv6nbhqwg0qj1-typescript-4.7.4/lib/node_modules/typescript/lib/lib.es2015.core.d.ts","/nix/store/d5bm7aqir36fjx0rw4nxv6nbhqwg0qj1-typescript-4.7.4/lib/node_modules/typescript/lib/lib.es2015.collection.d.ts","/nix/store/d5bm7aqir36fjx0rw4nxv6nbhqwg0qj1-typescript-4.7.4/lib/node_modules/typescript/lib/lib.es2015.generator.d.ts","/nix/store/d5bm7aqir36fjx0rw4nxv6nbhqwg0qj1-typescript-4.7.4/lib/node_modules/typescript/lib/lib.es2015.iterable.d.ts","/nix/store/d5bm7aqir36fjx0rw4nxv6nbhqwg0qj1-typescript-4.7.4/lib/node_modules/typescript/lib/lib.es2015.promise.d.ts","/nix/store/d5bm7aqir36fjx0rw4nxv6nbhqwg0qj1-typescript-4.7.4/lib/node_modules/typescript/lib/lib.es2015.proxy.d.ts","/nix/store/d5bm7aqir36fjx0rw4nxv6nbhqwg0qj1-typescript-4.7.4/lib/node_modules/typescript/lib/lib.es2015.reflect.d.ts","/nix/store/d5bm7aqir36fjx0rw4nxv6nbhqwg0qj1-typescript-4.7.4/lib/node_modules/typescript/lib/lib.es2015.symbol.d.ts","/nix/store/d5bm7aqir36fjx0rw4nxv6nbhqwg0qj1-typescript-4.7.4/lib/node_modules/typescript/lib/lib.es2015.symbol.wellknown.d.ts","/nix/store/d5bm7aqir36fjx0rw4nxv6nbhqwg0qj1-typescript-4.7.4/lib/node_modules/typescript/lib/lib.es2016.array.include.d.ts","/nix/store/d5bm7aqir36fjx0rw4nxv6nbhqwg0qj1-typescript-4.7.4/lib/node_modules/typescript/lib/lib.es2016.full.d.ts","/Users/dez/.dotfiles/Ubersicht/ubersicht-todo-widget/index.jsx","/Users/dez/.dotfiles/Ubersicht/ubersicht-todo-widget/node_modules/typescript/lib/typescript.d.ts","/Users/dez/Library/Caches/typescript/4.7/node_modules/@types/react/global.d.ts","/Users/dez/Library/Caches/typescript/4.7/node_modules/@types/react/index.d.ts"],"compilerOptions":{"module":1,"target":3,"jsx":1,"allowJs":true,"allowSyntheticDefaultImports":true,"allowNonTsExtensions":true,"noEmitForJsFiles":true,"maxNodeModuleJsDepth":2},"typeAcquisition":{"enable":true,"include":[],"exclude":[]},"unresolvedImports":["uebersicht"],"projectRootPath":"/Users/dez/.dotfiles/Ubersicht/ubersicht-todo-widget","kind":"discover"}
[23:30:27.796] Explicitly included types: []
[23:30:27.797] Typing names in '/Users/dez/.dotfiles/Ubersicht/ubersicht-todo-widget/package.json' dependencies: ["typescript"]
[23:30:27.797] Searching for typing names in /Users/dez/.dotfiles/Ubersicht/ubersicht-todo-widget/node_modules; all files: ["/Users/dez/.dotfiles/Ubersicht/ubersicht-todo-widget/node_modules/typescript/package.json"]
[23:30:27.798]     Package 'typescript' provides its own types.
[23:30:27.798]     Found package names: []
[23:30:27.799] Inferred 'react' typings due to presence of '.jsx' extension
[23:30:27.799] Inferred typings from unresolved imports: ["uebersicht"]
[23:30:27.799] Result: {"cachedTypingPaths":["/Users/dez/.dotfiles/Ubersicht/ubersicht-todo-widget/node_modules/typescript/lib/typescript.d.ts","/Users/dez/Library/Caches/typescript/4.7/node_modules/@types/react/index.d.ts"],"newTypingNames":["uebersicht"],"filesToWatch":["/Users/dez/.dotfiles/Ubersicht/ubersicht-todo-widget/bower_components","/Users/dez/.dotfiles/Ubersicht/ubersicht-todo-widget/package.json","/Users/dez/.dotfiles/Ubersicht/ubersicht-todo-widget/node_modules"]}
[23:30:27.799] Finished typings discovery: {"cachedTypingPaths":["/Users/dez/.dotfiles/Ubersicht/ubersicht-todo-widget/node_modules/typescript/lib/typescript.d.ts","/Users/dez/Library/Caches/typescript/4.7/node_modules/@types/react/index.d.ts"],"newTypingNames":["uebersicht"],"filesToWatch":["/Users/dez/.dotfiles/Ubersicht/ubersicht-todo-widget/bower_components","/Users/dez/.dotfiles/Ubersicht/ubersicht-todo-widget/package.json","/Users/dez/.dotfiles/Ubersicht/ubersicht-todo-widget/node_modules"]}
[23:30:27.799] Installing typings ["uebersicht"]
[23:30:27.799] 'uebersicht':: Entry for package 'uebersicht' does not exist in local types registry - skipping...
[23:30:27.799] All typings are known to be missing or invalid - no need to install more typings
[23:30:27.799] Sending response:
    {"projectName":"/dev/null/inferredProject1*","typeAcquisition":{"enable":true,"include":[],"exclude":[]},"compilerOptions":{"module":1,"target":3,"jsx":1,"allowJs":true,"allowSyntheticDefaultImports":true,"allowNonTsExtensions":true,"noEmitForJsFiles":true,"maxNodeModuleJsDepth":2},"typings":["/Users/dez/.dotfiles/Ubersicht/ubersicht-todo-widget/node_modules/typescript/lib/typescript.d.ts","/Users/dez/Library/Caches/typescript/4.7/node_modules/@types/react/index.d.ts"],"unresolvedImports":["uebersicht"],"kind":"action::set"}
[23:30:27.799] Response has been sent.
