[01:58:32.200] Global cache location '/Users/dez/Library/Caches/typescript/4.7', safe file path '/nix/store/d5bm7aqir36fjx0rw4nxv6nbhqwg0qj1-typescript-4.7.4/lib/node_modules/typescript/lib/typingsafelist.json', types map path /nix/store/d5bm7aqir36fjx0rw4nxv6nbhqwg0qj1-typescript-4.7.4/lib/node_modules/typescript/lib/typesmap.json
[01:58:32.201] Processing cache location '/Users/dez/Library/Caches/typescript/4.7'
[01:58:32.201] Trying to find '/Users/dez/Library/Caches/typescript/4.7/package.json'...
[01:58:32.202] Loaded content of '/Users/dez/Library/Caches/typescript/4.7/package.json': {"private":true,"dependencies":{"types-registry":"^0.1.606"},"devDependencies":{"@types/babel__core":"^7.1.19","@types/babel__preset-env":"^7.9.2","@types/core-js":"^2.5.5","@types/estree":"0.0.52","@types/html-webpack-plugin":"^3.2.6","@types/json-schema":"^7.0.11","@types/less":"^3.0.3","@types/live-server":"^1.2.1","@types/node":"^18.0.0","@types/postcss-preset-env":"^7.7.0","@types/react":"^18.0.17"}}
[01:58:32.202] Loaded content of '/Users/dez/Library/Caches/typescript/4.7/package-lock.json'
[01:58:32.209] Adding entry into typings cache: 'babel__core' => '/Users/dez/Library/Caches/typescript/4.7/node_modules/@types/babel__core/index.d.ts'
[01:58:32.210] Adding entry into typings cache: 'babel__preset-env' => '/Users/dez/Library/Caches/typescript/4.7/node_modules/@types/babel__preset-env/index.d.ts'
[01:58:32.211] Adding entry into typings cache: 'core-js' => '/Users/dez/Library/Caches/typescript/4.7/node_modules/@types/core-js/index.d.ts'
[01:58:32.212] Adding entry into typings cache: 'estree' => '/Users/dez/Library/Caches/typescript/4.7/node_modules/@types/estree/index.d.ts'
[01:58:32.214] Adding entry into typings cache: 'html-webpack-plugin' => '/Users/dez/Library/Caches/typescript/4.7/node_modules/@types/html-webpack-plugin/index.d.ts'
[01:58:32.216] Adding entry into typings cache: 'json-schema' => '/Users/dez/Library/Caches/typescript/4.7/node_modules/@types/json-schema/index.d.ts'
[01:58:32.218] Adding entry into typings cache: 'less' => '/Users/dez/Library/Caches/typescript/4.7/node_modules/@types/less/index.d.ts'
[01:58:32.221] Adding entry into typings cache: 'live-server' => '/Users/dez/Library/Caches/typescript/4.7/node_modules/@types/live-server/index.d.ts'
[01:58:32.225] Adding entry into typings cache: 'node' => '/Users/dez/Library/Caches/typescript/4.7/node_modules/@types/node/index.d.ts'
[01:58:32.226] Adding entry into typings cache: 'postcss-preset-env' => '/Users/dez/Library/Caches/typescript/4.7/node_modules/@types/postcss-preset-env/index.d.ts'
[01:58:32.230] Adding entry into typings cache: 'react' => '/Users/dez/Library/Caches/typescript/4.7/node_modules/@types/react/index.d.ts'
[01:58:32.230] Finished processing cache location '/Users/dez/Library/Caches/typescript/4.7'
[01:58:32.230] Process id: 42426
[01:58:32.230] NPM location: /nix/store/252srvvjhm3l2zsywylza55vl052fcyr-nodejs-14.20.0/bin/npm (explicit '--npmLocation' not  provided)
[01:58:32.230] validateDefaultNpmLocation: false
[01:58:32.231] Npm config file: /Users/dez/Library/Caches/typescript/4.7/package.json
[01:58:32.231] Updating types-registry npm package...
[01:58:32.231] Exec: /nix/store/252srvvjhm3l2zsywylza55vl052fcyr-nodejs-14.20.0/bin/npm install --ignore-scripts types-registry@latest
[01:58:33.095]     Succeeded. stdout:
    + types-registry@0.1.606
    updated 1 package and audited 50 packages in 0.352s

7 packages are looking for funding
  run `npm fund` for details

found 0 vulnerabilities


[01:58:33.095] Updated types-registry npm package
[01:58:33.109] Got install request {"projectName":"/dev/null/inferredProject1*","fileNames":["/nix/store/d5bm7aqir36fjx0rw4nxv6nbhqwg0qj1-typescript-4.7.4/lib/node_modules/typescript/lib/lib.es5.d.ts","/nix/store/d5bm7aqir36fjx0rw4nxv6nbhqwg0qj1-typescript-4.7.4/lib/node_modules/typescript/lib/lib.es2015.d.ts","/nix/store/d5bm7aqir36fjx0rw4nxv6nbhqwg0qj1-typescript-4.7.4/lib/node_modules/typescript/lib/lib.es2016.d.ts","/nix/store/d5bm7aqir36fjx0rw4nxv6nbhqwg0qj1-typescript-4.7.4/lib/node_modules/typescript/lib/lib.dom.d.ts","/nix/store/d5bm7aqir36fjx0rw4nxv6nbhqwg0qj1-typescript-4.7.4/lib/node_modules/typescript/lib/lib.dom.iterable.d.ts","/nix/store/d5bm7aqir36fjx0rw4nxv6nbhqwg0qj1-typescript-4.7.4/lib/node_modules/typescript/lib/lib.webworker.importscripts.d.ts","/nix/store/d5bm7aqir36fjx0rw4nxv6nbhqwg0qj1-typescript-4.7.4/lib/node_modules/typescript/lib/lib.scripthost.d.ts","/nix/store/d5bm7aqir36fjx0rw4nxv6nbhqwg0qj1-typescript-4.7.4/lib/node_modules/typescript/lib/lib.es2015.core.d.ts","/nix/store/d5bm7aqir36fjx0rw4nxv6nbhqwg0qj1-typescript-4.7.4/lib/node_modules/typescript/lib/lib.es2015.collection.d.ts","/nix/store/d5bm7aqir36fjx0rw4nxv6nbhqwg0qj1-typescript-4.7.4/lib/node_modules/typescript/lib/lib.es2015.generator.d.ts","/nix/store/d5bm7aqir36fjx0rw4nxv6nbhqwg0qj1-typescript-4.7.4/lib/node_modules/typescript/lib/lib.es2015.iterable.d.ts","/nix/store/d5bm7aqir36fjx0rw4nxv6nbhqwg0qj1-typescript-4.7.4/lib/node_modules/typescript/lib/lib.es2015.promise.d.ts","/nix/store/d5bm7aqir36fjx0rw4nxv6nbhqwg0qj1-typescript-4.7.4/lib/node_modules/typescript/lib/lib.es2015.proxy.d.ts","/nix/store/d5bm7aqir36fjx0rw4nxv6nbhqwg0qj1-typescript-4.7.4/lib/node_modules/typescript/lib/lib.es2015.reflect.d.ts","/nix/store/d5bm7aqir36fjx0rw4nxv6nbhqwg0qj1-typescript-4.7.4/lib/node_modules/typescript/lib/lib.es2015.symbol.d.ts","/nix/store/d5bm7aqir36fjx0rw4nxv6nbhqwg0qj1-typescript-4.7.4/lib/node_modules/typescript/lib/lib.es2015.symbol.wellknown.d.ts","/nix/store/d5bm7aqir36fjx0rw4nxv6nbhqwg0qj1-typescript-4.7.4/lib/node_modules/typescript/lib/lib.es2016.array.include.d.ts","/nix/store/d5bm7aqir36fjx0rw4nxv6nbhqwg0qj1-typescript-4.7.4/lib/node_modules/typescript/lib/lib.es2016.full.d.ts","/Users/dez/.dotfiles/Ubersicht/ubersicht-todo-widget/index.jsx"],"compilerOptions":{"module":1,"target":3,"jsx":1,"allowJs":true,"allowSyntheticDefaultImports":true,"allowNonTsExtensions":true,"noEmitForJsFiles":true,"maxNodeModuleJsDepth":2},"typeAcquisition":{"enable":true,"include":[],"exclude":[]},"unresolvedImports":["uebersicht"],"projectRootPath":"/Users/dez/.dotfiles/Ubersicht/ubersicht-todo-widget","kind":"discover"}
[01:58:33.117] Loaded safelist from types map file '/nix/store/d5bm7aqir36fjx0rw4nxv6nbhqwg0qj1-typescript-4.7.4/lib/node_modules/typescript/lib/typesmap.json'
[01:58:33.118] Explicitly included types: []
[01:58:33.118] Typing names in '/Users/dez/.dotfiles/Ubersicht/ubersicht-todo-widget/package.json' dependencies: ["typescript"]
[01:58:33.118] Searching for typing names in /Users/dez/.dotfiles/Ubersicht/ubersicht-todo-widget/node_modules; all files: ["/Users/dez/.dotfiles/Ubersicht/ubersicht-todo-widget/node_modules/typescript/package.json"]
[01:58:33.119]     Package 'typescript' provides its own types.
[01:58:33.119]     Found package names: []
[01:58:33.120] Inferred 'react' typings due to presence of '.jsx' extension
[01:58:33.120] Inferred typings from unresolved imports: ["uebersicht"]
[01:58:33.120] Result: {"cachedTypingPaths":["/Users/dez/.dotfiles/Ubersicht/ubersicht-todo-widget/node_modules/typescript/lib/typescript.d.ts","/Users/dez/Library/Caches/typescript/4.7/node_modules/@types/react/index.d.ts"],"newTypingNames":["uebersicht"],"filesToWatch":["/Users/dez/.dotfiles/Ubersicht/ubersicht-todo-widget/bower_components","/Users/dez/.dotfiles/Ubersicht/ubersicht-todo-widget/package.json","/Users/dez/.dotfiles/Ubersicht/ubersicht-todo-widget/node_modules"]}
[01:58:33.120] Finished typings discovery: {"cachedTypingPaths":["/Users/dez/.dotfiles/Ubersicht/ubersicht-todo-widget/node_modules/typescript/lib/typescript.d.ts","/Users/dez/Library/Caches/typescript/4.7/node_modules/@types/react/index.d.ts"],"newTypingNames":["uebersicht"],"filesToWatch":["/Users/dez/.dotfiles/Ubersicht/ubersicht-todo-widget/bower_components","/Users/dez/.dotfiles/Ubersicht/ubersicht-todo-widget/package.json","/Users/dez/.dotfiles/Ubersicht/ubersicht-todo-widget/node_modules"]}
[01:58:33.120] DirectoryWatcher:: Added:: WatchInfo: /Users/dez/.dotfiles/Ubersicht/ubersicht-todo-widget/bower_components
[01:58:33.120] DirectoryWatcher:: Added:: WatchInfo: /Users/dez/.dotfiles/Ubersicht/ubersicht-todo-widget/bower_components 1 undefined Project: /dev/null/inferredProject1* watcher already invoked: false
[01:58:33.121] Elapsed:: 0.45325005054473877ms DirectoryWatcher:: Added:: WatchInfo: /Users/dez/.dotfiles/Ubersicht/ubersicht-todo-widget/bower_components 1 undefined Project: /dev/null/inferredProject1* watcher already invoked: false
[01:58:33.121] FileWatcher:: Added:: WatchInfo: /Users/dez/.dotfiles/Ubersicht/ubersicht-todo-widget/package.json
[01:58:33.121] FileWatcher:: Added:: WatchInfo: /Users/dez/.dotfiles/Ubersicht/ubersicht-todo-widget/package.json 2000 undefined Project: /dev/null/inferredProject1* watcher already invoked: false
[01:58:33.121] DirectoryWatcher:: Added:: WatchInfo: /Users/dez/.dotfiles/Ubersicht/ubersicht-todo-widget/node_modules
[01:58:33.121] DirectoryWatcher:: Added:: WatchInfo: /Users/dez/.dotfiles/Ubersicht/ubersicht-todo-widget/node_modules 1 undefined Project: /dev/null/inferredProject1* watcher already invoked: false
[01:58:33.123] Elapsed:: 1.9094160795211792ms DirectoryWatcher:: Added:: WatchInfo: /Users/dez/.dotfiles/Ubersicht/ubersicht-todo-widget/node_modules 1 undefined Project: /dev/null/inferredProject1* watcher already invoked: false
[01:58:33.123] Installing typings ["uebersicht"]
[01:58:33.124] 'uebersicht':: Entry for package 'uebersicht' does not exist in local types registry - skipping...
[01:58:33.124] All typings are known to be missing or invalid - no need to install more typings
[01:58:33.124] Sending response:
    {"projectName":"/dev/null/inferredProject1*","typeAcquisition":{"enable":true,"include":[],"exclude":[]},"compilerOptions":{"module":1,"target":3,"jsx":1,"allowJs":true,"allowSyntheticDefaultImports":true,"allowNonTsExtensions":true,"noEmitForJsFiles":true,"maxNodeModuleJsDepth":2},"typings":["/Users/dez/.dotfiles/Ubersicht/ubersicht-todo-widget/node_modules/typescript/lib/typescript.d.ts","/Users/dez/Library/Caches/typescript/4.7/node_modules/@types/react/index.d.ts"],"unresolvedImports":["uebersicht"],"kind":"action::set"}
[01:58:33.124] Response has been sent.
[01:58:33.764] Got install request {"projectName":"/dev/null/inferredProject1*","fileNames":["/nix/store/d5bm7aqir36fjx0rw4nxv6nbhqwg0qj1-typescript-4.7.4/lib/node_modules/typescript/lib/lib.es5.d.ts","/nix/store/d5bm7aqir36fjx0rw4nxv6nbhqwg0qj1-typescript-4.7.4/lib/node_modules/typescript/lib/lib.es2015.d.ts","/nix/store/d5bm7aqir36fjx0rw4nxv6nbhqwg0qj1-typescript-4.7.4/lib/node_modules/typescript/lib/lib.es2016.d.ts","/nix/store/d5bm7aqir36fjx0rw4nxv6nbhqwg0qj1-typescript-4.7.4/lib/node_modules/typescript/lib/lib.dom.d.ts","/nix/store/d5bm7aqir36fjx0rw4nxv6nbhqwg0qj1-typescript-4.7.4/lib/node_modules/typescript/lib/lib.dom.iterable.d.ts","/nix/store/d5bm7aqir36fjx0rw4nxv6nbhqwg0qj1-typescript-4.7.4/lib/node_modules/typescript/lib/lib.webworker.importscripts.d.ts","/nix/store/d5bm7aqir36fjx0rw4nxv6nbhqwg0qj1-typescript-4.7.4/lib/node_modules/typescript/lib/lib.scripthost.d.ts","/nix/store/d5bm7aqir36fjx0rw4nxv6nbhqwg0qj1-typescript-4.7.4/lib/node_modules/typescript/lib/lib.es2015.core.d.ts","/nix/store/d5bm7aqir36fjx0rw4nxv6nbhqwg0qj1-typescript-4.7.4/lib/node_modules/typescript/lib/lib.es2015.collection.d.ts","/nix/store/d5bm7aqir36fjx0rw4nxv6nbhqwg0qj1-typescript-4.7.4/lib/node_modules/typescript/lib/lib.es2015.generator.d.ts","/nix/store/d5bm7aqir36fjx0rw4nxv6nbhqwg0qj1-typescript-4.7.4/lib/node_modules/typescript/lib/lib.es2015.iterable.d.ts","/nix/store/d5bm7aqir36fjx0rw4nxv6nbhqwg0qj1-typescript-4.7.4/lib/node_modules/typescript/lib/lib.es2015.promise.d.ts","/nix/store/d5bm7aqir36fjx0rw4nxv6nbhqwg0qj1-typescript-4.7.4/lib/node_modules/typescript/lib/lib.es2015.proxy.d.ts","/nix/store/d5bm7aqir36fjx0rw4nxv6nbhqwg0qj1-typescript-4.7.4/lib/node_modules/typescript/lib/lib.es2015.reflect.d.ts","/nix/store/d5bm7aqir36fjx0rw4nxv6nbhqwg0qj1-typescript-4.7.4/lib/node_modules/typescript/lib/lib.es2015.symbol.d.ts","/nix/store/d5bm7aqir36fjx0rw4nxv6nbhqwg0qj1-typescript-4.7.4/lib/node_modules/typescript/lib/lib.es2015.symbol.wellknown.d.ts","/nix/store/d5bm7aqir36fjx0rw4nxv6nbhqwg0qj1-typescript-4.7.4/lib/node_modules/typescript/lib/lib.es2016.array.include.d.ts","/nix/store/d5bm7aqir36fjx0rw4nxv6nbhqwg0qj1-typescript-4.7.4/lib/node_modules/typescript/lib/lib.es2016.full.d.ts","/Users/dez/.dotfiles/Ubersicht/ubersicht-todo-widget/index.jsx","/Users/dez/.dotfiles/Ubersicht/ubersicht-todo-widget/node_modules/typescript/lib/typescript.d.ts","/Users/dez/Library/Caches/typescript/4.7/node_modules/@types/react/global.d.ts","/Users/dez/Library/Caches/typescript/4.7/node_modules/@types/react/index.d.ts"],"compilerOptions":{"module":1,"target":3,"jsx":1,"allowJs":true,"allowSyntheticDefaultImports":true,"allowNonTsExtensions":true,"noEmitForJsFiles":true,"maxNodeModuleJsDepth":2},"typeAcquisition":{"enable":true,"include":[],"exclude":[]},"unresolvedImports":["uebersicht"],"projectRootPath":"/Users/dez/.dotfiles/Ubersicht/ubersicht-todo-widget","kind":"discover"}
[01:58:33.765] Explicitly included types: []
[01:58:33.765] Typing names in '/Users/dez/.dotfiles/Ubersicht/ubersicht-todo-widget/package.json' dependencies: ["typescript"]
[01:58:33.765] Searching for typing names in /Users/dez/.dotfiles/Ubersicht/ubersicht-todo-widget/node_modules; all files: ["/Users/dez/.dotfiles/Ubersicht/ubersicht-todo-widget/node_modules/typescript/package.json"]
[01:58:33.766]     Package 'typescript' provides its own types.
[01:58:33.766]     Found package names: []
[01:58:33.766] Inferred 'react' typings due to presence of '.jsx' extension
[01:58:33.767] Inferred typings from unresolved imports: ["uebersicht"]
[01:58:33.767] Result: {"cachedTypingPaths":["/Users/dez/.dotfiles/Ubersicht/ubersicht-todo-widget/node_modules/typescript/lib/typescript.d.ts","/Users/dez/Library/Caches/typescript/4.7/node_modules/@types/react/index.d.ts"],"newTypingNames":["uebersicht"],"filesToWatch":["/Users/dez/.dotfiles/Ubersicht/ubersicht-todo-widget/bower_components","/Users/dez/.dotfiles/Ubersicht/ubersicht-todo-widget/package.json","/Users/dez/.dotfiles/Ubersicht/ubersicht-todo-widget/node_modules"]}
[01:58:33.767] Finished typings discovery: {"cachedTypingPaths":["/Users/dez/.dotfiles/Ubersicht/ubersicht-todo-widget/node_modules/typescript/lib/typescript.d.ts","/Users/dez/Library/Caches/typescript/4.7/node_modules/@types/react/index.d.ts"],"newTypingNames":["uebersicht"],"filesToWatch":["/Users/dez/.dotfiles/Ubersicht/ubersicht-todo-widget/bower_components","/Users/dez/.dotfiles/Ubersicht/ubersicht-todo-widget/package.json","/Users/dez/.dotfiles/Ubersicht/ubersicht-todo-widget/node_modules"]}
[01:58:33.767] Installing typings ["uebersicht"]
[01:58:33.767] 'uebersicht':: Entry for package 'uebersicht' does not exist in local types registry - skipping...
[01:58:33.767] All typings are known to be missing or invalid - no need to install more typings
[01:58:33.767] Sending response:
    {"projectName":"/dev/null/inferredProject1*","typeAcquisition":{"enable":true,"include":[],"exclude":[]},"compilerOptions":{"module":1,"target":3,"jsx":1,"allowJs":true,"allowSyntheticDefaultImports":true,"allowNonTsExtensions":true,"noEmitForJsFiles":true,"maxNodeModuleJsDepth":2},"typings":["/Users/dez/.dotfiles/Ubersicht/ubersicht-todo-widget/node_modules/typescript/lib/typescript.d.ts","/Users/dez/Library/Caches/typescript/4.7/node_modules/@types/react/index.d.ts"],"unresolvedImports":["uebersicht"],"kind":"action::set"}
[01:58:33.767] Response has been sent.
[02:00:52.531] Got install request {"projectName":"/dev/null/inferredProject1*","fileNames":["/nix/store/d5bm7aqir36fjx0rw4nxv6nbhqwg0qj1-typescript-4.7.4/lib/node_modules/typescript/lib/lib.es5.d.ts","/nix/store/d5bm7aqir36fjx0rw4nxv6nbhqwg0qj1-typescript-4.7.4/lib/node_modules/typescript/lib/lib.es2015.d.ts","/nix/store/d5bm7aqir36fjx0rw4nxv6nbhqwg0qj1-typescript-4.7.4/lib/node_modules/typescript/lib/lib.es2016.d.ts","/nix/store/d5bm7aqir36fjx0rw4nxv6nbhqwg0qj1-typescript-4.7.4/lib/node_modules/typescript/lib/lib.dom.d.ts","/nix/store/d5bm7aqir36fjx0rw4nxv6nbhqwg0qj1-typescript-4.7.4/lib/node_modules/typescript/lib/lib.dom.iterable.d.ts","/nix/store/d5bm7aqir36fjx0rw4nxv6nbhqwg0qj1-typescript-4.7.4/lib/node_modules/typescript/lib/lib.webworker.importscripts.d.ts","/nix/store/d5bm7aqir36fjx0rw4nxv6nbhqwg0qj1-typescript-4.7.4/lib/node_modules/typescript/lib/lib.scripthost.d.ts","/nix/store/d5bm7aqir36fjx0rw4nxv6nbhqwg0qj1-typescript-4.7.4/lib/node_modules/typescript/lib/lib.es2015.core.d.ts","/nix/store/d5bm7aqir36fjx0rw4nxv6nbhqwg0qj1-typescript-4.7.4/lib/node_modules/typescript/lib/lib.es2015.collection.d.ts","/nix/store/d5bm7aqir36fjx0rw4nxv6nbhqwg0qj1-typescript-4.7.4/lib/node_modules/typescript/lib/lib.es2015.generator.d.ts","/nix/store/d5bm7aqir36fjx0rw4nxv6nbhqwg0qj1-typescript-4.7.4/lib/node_modules/typescript/lib/lib.es2015.iterable.d.ts","/nix/store/d5bm7aqir36fjx0rw4nxv6nbhqwg0qj1-typescript-4.7.4/lib/node_modules/typescript/lib/lib.es2015.promise.d.ts","/nix/store/d5bm7aqir36fjx0rw4nxv6nbhqwg0qj1-typescript-4.7.4/lib/node_modules/typescript/lib/lib.es2015.proxy.d.ts","/nix/store/d5bm7aqir36fjx0rw4nxv6nbhqwg0qj1-typescript-4.7.4/lib/node_modules/typescript/lib/lib.es2015.reflect.d.ts","/nix/store/d5bm7aqir36fjx0rw4nxv6nbhqwg0qj1-typescript-4.7.4/lib/node_modules/typescript/lib/lib.es2015.symbol.d.ts","/nix/store/d5bm7aqir36fjx0rw4nxv6nbhqwg0qj1-typescript-4.7.4/lib/node_modules/typescript/lib/lib.es2015.symbol.wellknown.d.ts","/nix/store/d5bm7aqir36fjx0rw4nxv6nbhqwg0qj1-typescript-4.7.4/lib/node_modules/typescript/lib/lib.es2016.array.include.d.ts","/nix/store/d5bm7aqir36fjx0rw4nxv6nbhqwg0qj1-typescript-4.7.4/lib/node_modules/typescript/lib/lib.es2016.full.d.ts","/Users/dez/.dotfiles/Ubersicht/ubersicht-todo-widget/index.jsx","/Users/dez/.dotfiles/Ubersicht/ubersicht-todo-widget/node_modules/typescript/lib/typescript.d.ts","/Users/dez/Library/Caches/typescript/4.7/node_modules/@types/react/global.d.ts","/Users/dez/Library/Caches/typescript/4.7/node_modules/@types/react/index.d.ts"],"compilerOptions":{"module":1,"target":3,"jsx":1,"allowJs":true,"allowSyntheticDefaultImports":true,"allowNonTsExtensions":true,"noEmitForJsFiles":true,"maxNodeModuleJsDepth":2},"typeAcquisition":{"enable":true,"include":[],"exclude":[]},"unresolvedImports":["moment","uebersicht"],"projectRootPath":"/Users/dez/.dotfiles/Ubersicht/ubersicht-todo-widget","kind":"discover"}
[02:00:52.532] Explicitly included types: []
[02:00:52.532] Typing names in '/Users/dez/.dotfiles/Ubersicht/ubersicht-todo-widget/package.json' dependencies: ["typescript"]
[02:00:52.532] Searching for typing names in /Users/dez/.dotfiles/Ubersicht/ubersicht-todo-widget/node_modules; all files: ["/Users/dez/.dotfiles/Ubersicht/ubersicht-todo-widget/node_modules/typescript/package.json"]
[02:00:52.534]     Package 'typescript' provides its own types.
[02:00:52.534]     Found package names: []
[02:00:52.534] Inferred 'react' typings due to presence of '.jsx' extension
[02:00:52.534] Inferred typings from unresolved imports: ["moment","uebersicht"]
[02:00:52.534] Result: {"cachedTypingPaths":["/Users/dez/.dotfiles/Ubersicht/ubersicht-todo-widget/node_modules/typescript/lib/typescript.d.ts","/Users/dez/Library/Caches/typescript/4.7/node_modules/@types/react/index.d.ts"],"newTypingNames":["moment","uebersicht"],"filesToWatch":["/Users/dez/.dotfiles/Ubersicht/ubersicht-todo-widget/bower_components","/Users/dez/.dotfiles/Ubersicht/ubersicht-todo-widget/package.json","/Users/dez/.dotfiles/Ubersicht/ubersicht-todo-widget/node_modules"]}
[02:00:52.534] Finished typings discovery: {"cachedTypingPaths":["/Users/dez/.dotfiles/Ubersicht/ubersicht-todo-widget/node_modules/typescript/lib/typescript.d.ts","/Users/dez/Library/Caches/typescript/4.7/node_modules/@types/react/index.d.ts"],"newTypingNames":["moment","uebersicht"],"filesToWatch":["/Users/dez/.dotfiles/Ubersicht/ubersicht-todo-widget/bower_components","/Users/dez/.dotfiles/Ubersicht/ubersicht-todo-widget/package.json","/Users/dez/.dotfiles/Ubersicht/ubersicht-todo-widget/node_modules"]}
[02:00:52.534] Installing typings ["moment","uebersicht"]
[02:00:52.534] 'moment':: Entry for package 'moment' does not exist in local types registry - skipping...
[02:00:52.534] 'uebersicht':: Entry for package 'uebersicht' does not exist in local types registry - skipping...
[02:00:52.534] All typings are known to be missing or invalid - no need to install more typings
[02:00:52.535] Sending response:
    {"projectName":"/dev/null/inferredProject1*","typeAcquisition":{"enable":true,"include":[],"exclude":[]},"compilerOptions":{"module":1,"target":3,"jsx":1,"allowJs":true,"allowSyntheticDefaultImports":true,"allowNonTsExtensions":true,"noEmitForJsFiles":true,"maxNodeModuleJsDepth":2},"typings":["/Users/dez/.dotfiles/Ubersicht/ubersicht-todo-widget/node_modules/typescript/lib/typescript.d.ts","/Users/dez/Library/Caches/typescript/4.7/node_modules/@types/react/index.d.ts"],"unresolvedImports":["moment","uebersicht"],"kind":"action::set"}
[02:00:52.535] Response has been sent.
